Jul 31, 2016 3:57:45 PM Server_Group.Replica_1.Server_LVL.Clinic_LVL_UDP_Listener run
INFO: Get request: 002
dr
Start a new thread to handle this.
Jul 31, 2016 3:57:45 PM Server_Group.Replica_1.Server_LVL.Clinic_LVL_UDP_Listener$Connection <init>
INFO: Request code: 002, Search HashMap, SearchType: dr
Jul 31, 2016 3:57:57 PM Server_Group.Replica_1.Server_LVL.Clinic_LVL_UDP_Listener run
INFO: Get request: 003
RecordID: DR10000
First Name: dong
Last Name: chen
Address: abcasdf
Phone: 123123
specialization: abc
location: mtl
Start a new thread to handle this.
Jul 31, 2016 3:57:57 PM Server_Group.Replica_1.Server_LVL.Clinic_LVL_UDP_Listener$Connection <init>
INFO: Request code: 003, Transfer Record, Record: RecordID: DR10000
First Name: dong
Last Name: chen
Address: abcasdf
Phone: 123123
specialization: abc
location: mtl
Jul 31, 2016 3:58:00 PM Server_Group.Replica_1.Server_LVL.Clinic_LVL_UDP_Listener run
INFO: Get request: 002
dr
Start a new thread to handle this.
Jul 31, 2016 3:58:00 PM Server_Group.Replica_1.Server_LVL.Clinic_LVL_UDP_Listener$Connection <init>
INFO: Request code: 002, Search HashMap, SearchType: dr
