Jul 27, 2016 7:12:32 PM Server_Group.Replica_1.Server_MTL.Clinic_MTL_Impl createDRecord
INFO: Manager: mtl10000 Creat Doctor Record: 
RecordID: DR10000
First Name: dong
Last Name: chen
Address: adfasdfasdf
Phone: 123123123
specialization: asasdf
location: mtl

Jul 31, 2016 3:57:28 PM Server_Group.Replica_1.Server_MTL.Clinic_MTL_Impl createDRecord
INFO: Manager: mtl10000 Creat Doctor Record: 
RecordID: DR10000
First Name: dong
Last Name: chen
Address: abcasdf
Phone: 123123
specialization: abc
location: mtl

Jul 31, 2016 3:57:45 PM Server_Group.Replica_1.Server_MTL.Clinic_MTL_Impl getRecordCounts
INFO: Manager: mtl10000 search RecordCounts: 
MTL DR: 3
LVL DR: 0
DDO DR: 1

Jul 31, 2016 3:57:57 PM Server_Group.Replica_1.Server_MTL.Clinic_MTL_Impl transferRecord
INFO: Manager: mtl10000 transfer recordID: DR10000 to lvlsuccess
Jul 31, 2016 3:58:00 PM Server_Group.Replica_1.Server_MTL.Clinic_MTL_Impl getRecordCounts
INFO: Manager: mtl10000 search RecordCounts: 
MTL DR: 2
LVL DR: 1
DDO DR: 1

